<?xml version="1.0" encoding="UTF-8" ?>
<testsuite errors="0" failures="0" hostname="Merychippus" name="tests.fr.inria.verveine.extractor.java.VerveineJTest_noLocals" tests="5" time="2.695" timestamp="2011-10-03T16:12:15">
  <properties>
[...]
</properties>
  <testcase classname="tests.fr.inria.verveine.extractor.java.VerveineJTest_noLocals" name="testEntitiesNumber" time="1.372" />
  <testcase classname="tests.fr.inria.verveine.extractor.java.VerveineJTest_noLocals" name="testAssociation" time="0.264" />
  <testcase classname="tests.fr.inria.verveine.extractor.java.VerveineJTest_noLocals" name="testBelongsTo" time="0.359" />
  <testcase classname="tests.fr.inria.verveine.extractor.java.VerveineJTest_noLocals" name="testJavaCore" time="0.322" />
  <testcase classname="tests.fr.inria.verveine.extractor.java.VerveineJTest_noLocals" name="testSourceLanguage" time="0.281" />
  <system-out><![CDATA[VerveineJ processing file: test_src/LANModel/moose/lan/AbstractDestinationAddress.java
VerveineJ processing file: test_src/LANModel/moose/lan/Packet.java
VerveineJ processing file: test_src/LANModel/moose/lan/Node.java
VerveineJ processing file: test_src/LANModel/moose/lan/WorkStation.java
VerveineJ processing file: test_src/LANModel/moose/lan/server/FileServer.java
VerveineJ processing file: test_src/LANModel/moose/lan/server/OutputServer.java
VerveineJ processing file: test_src/LANModel/moose/lan/server/IPrinter.java
VerveineJ processing file: test_src/LANModel/moose/lan/server/PrintServer.java
VerveineJ processing file: test_src/LANModel/moose/lan/SingleDestinationAddress.java
VerveineJ processing file: test_src/LANModel/moose/lan/AbstractDestinationAddress.java
VerveineJ processing file: test_src/LANModel/moose/lan/Packet.java
VerveineJ processing file: test_src/LANModel/moose/lan/Node.java
VerveineJ processing file: test_src/LANModel/moose/lan/WorkStation.java
VerveineJ processing file: test_src/LANModel/moose/lan/server/FileServer.java
VerveineJ processing file: test_src/LANModel/moose/lan/server/OutputServer.java
VerveineJ processing file: test_src/LANModel/moose/lan/server/IPrinter.java
VerveineJ processing file: test_src/LANModel/moose/lan/server/PrintServer.java
VerveineJ processing file: test_src/LANModel/moose/lan/SingleDestinationAddress.java
VerveineJ processing file: test_src/LANModel/moose/lan/AbstractDestinationAddress.java
VerveineJ processing file: test_src/LANModel/moose/lan/Packet.java
VerveineJ processing file: test_src/LANModel/moose/lan/Node.java
VerveineJ processing file: test_src/LANModel/moose/lan/WorkStation.java
VerveineJ processing file: test_src/LANModel/moose/lan/server/FileServer.java
VerveineJ processing file: test_src/LANModel/moose/lan/server/OutputServer.java
VerveineJ processing file: test_src/LANModel/moose/lan/server/IPrinter.java
VerveineJ processing file: test_src/LANModel/moose/lan/server/PrintServer.java
VerveineJ processing file: test_src/LANModel/moose/lan/SingleDestinationAddress.java
VerveineJ processing file: test_src/LANModel/moose/lan/AbstractDestinationAddress.java
VerveineJ processing file: test_src/LANModel/moose/lan/Packet.java
VerveineJ processing file: test_src/LANModel/moose/lan/Node.java
VerveineJ processing file: test_src/LANModel/moose/lan/WorkStation.java
VerveineJ processing file: test_src/LANModel/moose/lan/server/FileServer.java
VerveineJ processing file: test_src/LANModel/moose/lan/server/OutputServer.java
VerveineJ processing file: test_src/LANModel/moose/lan/server/IPrinter.java
VerveineJ processing file: test_src/LANModel/moose/lan/server/PrintServer.java
VerveineJ processing file: test_src/LANModel/moose/lan/SingleDestinationAddress.java
VerveineJ processing file: test_src/LANModel/moose/lan/AbstractDestinationAddress.java
VerveineJ processing file: test_src/LANModel/moose/lan/Packet.java
VerveineJ processing file: test_src/LANModel/moose/lan/Node.java
VerveineJ processing file: test_src/LANModel/moose/lan/WorkStation.java
VerveineJ processing file: test_src/LANModel/moose/lan/server/FileServer.java
VerveineJ processing file: test_src/LANModel/moose/lan/server/OutputServer.java
VerveineJ processing file: test_src/LANModel/moose/lan/server/IPrinter.java
VerveineJ processing file: test_src/LANModel/moose/lan/server/PrintServer.java
VerveineJ processing file: test_src/LANModel/moose/lan/SingleDestinationAddress.java
]]></system-out>
  <system-err><![CDATA[]]></system-err>
</testsuite>
