<?xml version="1.0" encoding="UTF-8" ?>
<testsuite errors="0" failures="1" hostname="Merychippus" name="tests.fr.inria.verveine.extractor.java.VerveineJTest_Summarized" tests="8" time="6.135" timestamp="2013-02-03T13:48:44">
  <properties>
[...]
</properties>
  <testcase classname="tests.fr.inria.verveine.extractor.java.VerveineJTest_Summarized" name="testEntitiesNumber" time="2.237">
    <failure message="expected:&lt;24&gt; but was:&lt;25&gt;" type="junit.framework.AssertionFailedError">junit.framework.AssertionFailedError: expected:&lt;24&gt; but was:&lt;25&gt;
	at tests.fr.inria.verveine.extractor.java.VerveineJTest_Summarized.testEntitiesNumber(Unknown Source)
</failure>
  </testcase>
  <testcase classname="tests.fr.inria.verveine.extractor.java.VerveineJTest_Summarized" name="testInheritance" time="0.941" />
  <testcase classname="tests.fr.inria.verveine.extractor.java.VerveineJTest_Summarized" name="testAssociation" time="0.851" />
  <testcase classname="tests.fr.inria.verveine.extractor.java.VerveineJTest_Summarized" name="testBelongsTo" time="0.446" />
  <testcase classname="tests.fr.inria.verveine.extractor.java.VerveineJTest_Summarized" name="testMethodAndClassSourceAnchor" time="0.427" />
  <testcase classname="tests.fr.inria.verveine.extractor.java.VerveineJTest_Summarized" name="testJavaCore" time="0.421" />
  <testcase classname="tests.fr.inria.verveine.extractor.java.VerveineJTest_Summarized" name="testSourceLanguage" time="0.394" />
  <testcase classname="tests.fr.inria.verveine.extractor.java.VerveineJTest_Summarized" name="testPrimitiveTypes" time="0.354" />
  <system-out><![CDATA[VerveineJ processing file: test_src/LANModel/moose/lan/AbstractDestinationAddress.java
VerveineJ processing file: test_src/LANModel/moose/lan/Node.java
VerveineJ processing file: test_src/LANModel/moose/lan/Packet.java
VerveineJ processing file: test_src/LANModel/moose/lan/SingleDestinationAddress.java
VerveineJ processing file: test_src/LANModel/moose/lan/WorkStation.java
VerveineJ processing file: test_src/LANModel/moose/lan/server/FileServer.java
VerveineJ processing file: test_src/LANModel/moose/lan/server/IPrinter.java
VerveineJ processing file: test_src/LANModel/moose/lan/server/OutputServer.java
VerveineJ processing file: test_src/LANModel/moose/lan/server/PrintServer.java
VerveineJ processing file: test_src/LANModel/moose/lan/AbstractDestinationAddress.java
VerveineJ processing file: test_src/LANModel/moose/lan/Node.java
VerveineJ processing file: test_src/LANModel/moose/lan/Packet.java
VerveineJ processing file: test_src/LANModel/moose/lan/SingleDestinationAddress.java
VerveineJ processing file: test_src/LANModel/moose/lan/WorkStation.java
VerveineJ processing file: test_src/LANModel/moose/lan/server/FileServer.java
VerveineJ processing file: test_src/LANModel/moose/lan/server/IPrinter.java
VerveineJ processing file: test_src/LANModel/moose/lan/server/OutputServer.java
VerveineJ processing file: test_src/LANModel/moose/lan/server/PrintServer.java
VerveineJ processing file: test_src/LANModel/moose/lan/AbstractDestinationAddress.java
VerveineJ processing file: test_src/LANModel/moose/lan/Node.java
VerveineJ processing file: test_src/LANModel/moose/lan/Packet.java
VerveineJ processing file: test_src/LANModel/moose/lan/SingleDestinationAddress.java
VerveineJ processing file: test_src/LANModel/moose/lan/WorkStation.java
VerveineJ processing file: test_src/LANModel/moose/lan/server/FileServer.java
VerveineJ processing file: test_src/LANModel/moose/lan/server/IPrinter.java
VerveineJ processing file: test_src/LANModel/moose/lan/server/OutputServer.java
VerveineJ processing file: test_src/LANModel/moose/lan/server/PrintServer.java
VerveineJ processing file: test_src/LANModel/moose/lan/AbstractDestinationAddress.java
VerveineJ processing file: test_src/LANModel/moose/lan/Node.java
VerveineJ processing file: test_src/LANModel/moose/lan/Packet.java
VerveineJ processing file: test_src/LANModel/moose/lan/SingleDestinationAddress.java
VerveineJ processing file: test_src/LANModel/moose/lan/WorkStation.java
VerveineJ processing file: test_src/LANModel/moose/lan/server/FileServer.java
VerveineJ processing file: test_src/LANModel/moose/lan/server/IPrinter.java
VerveineJ processing file: test_src/LANModel/moose/lan/server/OutputServer.java
VerveineJ processing file: test_src/LANModel/moose/lan/server/PrintServer.java
VerveineJ processing file: test_src/LANModel/moose/lan/AbstractDestinationAddress.java
VerveineJ processing file: test_src/LANModel/moose/lan/Node.java
VerveineJ processing file: test_src/LANModel/moose/lan/Packet.java
VerveineJ processing file: test_src/LANModel/moose/lan/SingleDestinationAddress.java
VerveineJ processing file: test_src/LANModel/moose/lan/WorkStation.java
VerveineJ processing file: test_src/LANModel/moose/lan/server/FileServer.java
VerveineJ processing file: test_src/LANModel/moose/lan/server/IPrinter.java
VerveineJ processing file: test_src/LANModel/moose/lan/server/OutputServer.java
VerveineJ processing file: test_src/LANModel/moose/lan/server/PrintServer.java
VerveineJ processing file: test_src/LANModel/moose/lan/AbstractDestinationAddress.java
VerveineJ processing file: test_src/LANModel/moose/lan/Node.java
VerveineJ processing file: test_src/LANModel/moose/lan/Packet.java
VerveineJ processing file: test_src/LANModel/moose/lan/SingleDestinationAddress.java
VerveineJ processing file: test_src/LANModel/moose/lan/WorkStation.java
VerveineJ processing file: test_src/LANModel/moose/lan/server/FileServer.java
VerveineJ processing file: test_src/LANModel/moose/lan/server/IPrinter.java
VerveineJ processing file: test_src/LANModel/moose/lan/server/OutputServer.java
VerveineJ processing file: test_src/LANModel/moose/lan/server/PrintServer.java
VerveineJ processing file: test_src/LANModel/moose/lan/AbstractDestinationAddress.java
VerveineJ processing file: test_src/LANModel/moose/lan/Node.java
VerveineJ processing file: test_src/LANModel/moose/lan/Packet.java
VerveineJ processing file: test_src/LANModel/moose/lan/SingleDestinationAddress.java
VerveineJ processing file: test_src/LANModel/moose/lan/WorkStation.java
VerveineJ processing file: test_src/LANModel/moose/lan/server/FileServer.java
VerveineJ processing file: test_src/LANModel/moose/lan/server/IPrinter.java
VerveineJ processing file: test_src/LANModel/moose/lan/server/OutputServer.java
VerveineJ processing file: test_src/LANModel/moose/lan/server/PrintServer.java
VerveineJ processing file: test_src/LANModel/moose/lan/AbstractDestinationAddress.java
VerveineJ processing file: test_src/LANModel/moose/lan/Node.java
VerveineJ processing file: test_src/LANModel/moose/lan/Packet.java
VerveineJ processing file: test_src/LANModel/moose/lan/SingleDestinationAddress.java
VerveineJ processing file: test_src/LANModel/moose/lan/WorkStation.java
VerveineJ processing file: test_src/LANModel/moose/lan/server/FileServer.java
VerveineJ processing file: test_src/LANModel/moose/lan/server/IPrinter.java
VerveineJ processing file: test_src/LANModel/moose/lan/server/OutputServer.java
VerveineJ processing file: test_src/LANModel/moose/lan/server/PrintServer.java
]]></system-out>
  <system-err><![CDATA[*** VerveineJ visitor got exception: 'java.lang.NullPointerException' while processing file: test_src/LANModel/moose/lan/Node.java
*** VerveineJ visitor got exception: 'java.lang.NullPointerException' while processing file: test_src/LANModel/moose/lan/Packet.java
*** VerveineJ visitor got exception: 'java.lang.NullPointerException' while processing file: test_src/LANModel/moose/lan/SingleDestinationAddress.java
*** VerveineJ visitor got exception: 'java.lang.NullPointerException' while processing file: test_src/LANModel/moose/lan/WorkStation.java
*** VerveineJ visitor got exception: 'java.lang.NullPointerException' while processing file: test_src/LANModel/moose/lan/server/FileServer.java
*** VerveineJ visitor got exception: 'java.lang.NullPointerException' while processing file: test_src/LANModel/moose/lan/server/OutputServer.java
*** VerveineJ visitor got exception: 'java.lang.NullPointerException' while processing file: test_src/LANModel/moose/lan/server/PrintServer.java
*** VerveineJ visitor got exception: 'java.lang.NullPointerException' while processing file: test_src/LANModel/moose/lan/Node.java
*** VerveineJ visitor got exception: 'java.lang.NullPointerException' while processing file: test_src/LANModel/moose/lan/Packet.java
*** VerveineJ visitor got exception: 'java.lang.NullPointerException' while processing file: test_src/LANModel/moose/lan/SingleDestinationAddress.java
*** VerveineJ visitor got exception: 'java.lang.NullPointerException' while processing file: test_src/LANModel/moose/lan/WorkStation.java
*** VerveineJ visitor got exception: 'java.lang.NullPointerException' while processing file: test_src/LANModel/moose/lan/server/FileServer.java
*** VerveineJ visitor got exception: 'java.lang.NullPointerException' while processing file: test_src/LANModel/moose/lan/server/OutputServer.java
*** VerveineJ visitor got exception: 'java.lang.NullPointerException' while processing file: test_src/LANModel/moose/lan/server/PrintServer.java
*** VerveineJ visitor got exception: 'java.lang.NullPointerException' while processing file: test_src/LANModel/moose/lan/Node.java
*** VerveineJ visitor got exception: 'java.lang.NullPointerException' while processing file: test_src/LANModel/moose/lan/Packet.java
*** VerveineJ visitor got exception: 'java.lang.NullPointerException' while processing file: test_src/LANModel/moose/lan/SingleDestinationAddress.java
*** VerveineJ visitor got exception: 'java.lang.NullPointerException' while processing file: test_src/LANModel/moose/lan/WorkStation.java
*** VerveineJ visitor got exception: 'java.lang.NullPointerException' while processing file: test_src/LANModel/moose/lan/server/FileServer.java
*** VerveineJ visitor got exception: 'java.lang.NullPointerException' while processing file: test_src/LANModel/moose/lan/server/OutputServer.java
*** VerveineJ visitor got exception: 'java.lang.NullPointerException' while processing file: test_src/LANModel/moose/lan/server/PrintServer.java
*** VerveineJ visitor got exception: 'java.lang.NullPointerException' while processing file: test_src/LANModel/moose/lan/Node.java
*** VerveineJ visitor got exception: 'java.lang.NullPointerException' while processing file: test_src/LANModel/moose/lan/Packet.java
*** VerveineJ visitor got exception: 'java.lang.NullPointerException' while processing file: test_src/LANModel/moose/lan/SingleDestinationAddress.java
*** VerveineJ visitor got exception: 'java.lang.NullPointerException' while processing file: test_src/LANModel/moose/lan/WorkStation.java
*** VerveineJ visitor got exception: 'java.lang.NullPointerException' while processing file: test_src/LANModel/moose/lan/server/FileServer.java
*** VerveineJ visitor got exception: 'java.lang.NullPointerException' while processing file: test_src/LANModel/moose/lan/server/OutputServer.java
*** VerveineJ visitor got exception: 'java.lang.NullPointerException' while processing file: test_src/LANModel/moose/lan/server/PrintServer.java
*** VerveineJ visitor got exception: 'java.lang.NullPointerException' while processing file: test_src/LANModel/moose/lan/Node.java
*** VerveineJ visitor got exception: 'java.lang.NullPointerException' while processing file: test_src/LANModel/moose/lan/Packet.java
*** VerveineJ visitor got exception: 'java.lang.NullPointerException' while processing file: test_src/LANModel/moose/lan/SingleDestinationAddress.java
*** VerveineJ visitor got exception: 'java.lang.NullPointerException' while processing file: test_src/LANModel/moose/lan/WorkStation.java
*** VerveineJ visitor got exception: 'java.lang.NullPointerException' while processing file: test_src/LANModel/moose/lan/server/FileServer.java
*** VerveineJ visitor got exception: 'java.lang.NullPointerException' while processing file: test_src/LANModel/moose/lan/server/OutputServer.java
*** VerveineJ visitor got exception: 'java.lang.NullPointerException' while processing file: test_src/LANModel/moose/lan/server/PrintServer.java
*** VerveineJ visitor got exception: 'java.lang.NullPointerException' while processing file: test_src/LANModel/moose/lan/Node.java
*** VerveineJ visitor got exception: 'java.lang.NullPointerException' while processing file: test_src/LANModel/moose/lan/Packet.java
*** VerveineJ visitor got exception: 'java.lang.NullPointerException' while processing file: test_src/LANModel/moose/lan/SingleDestinationAddress.java
*** VerveineJ visitor got exception: 'java.lang.NullPointerException' while processing file: test_src/LANModel/moose/lan/WorkStation.java
*** VerveineJ visitor got exception: 'java.lang.NullPointerException' while processing file: test_src/LANModel/moose/lan/server/FileServer.java
*** VerveineJ visitor got exception: 'java.lang.NullPointerException' while processing file: test_src/LANModel/moose/lan/server/OutputServer.java
*** VerveineJ visitor got exception: 'java.lang.NullPointerException' while processing file: test_src/LANModel/moose/lan/server/PrintServer.java
*** VerveineJ visitor got exception: 'java.lang.NullPointerException' while processing file: test_src/LANModel/moose/lan/Node.java
*** VerveineJ visitor got exception: 'java.lang.NullPointerException' while processing file: test_src/LANModel/moose/lan/Packet.java
*** VerveineJ visitor got exception: 'java.lang.NullPointerException' while processing file: test_src/LANModel/moose/lan/SingleDestinationAddress.java
*** VerveineJ visitor got exception: 'java.lang.NullPointerException' while processing file: test_src/LANModel/moose/lan/WorkStation.java
*** VerveineJ visitor got exception: 'java.lang.NullPointerException' while processing file: test_src/LANModel/moose/lan/server/FileServer.java
*** VerveineJ visitor got exception: 'java.lang.NullPointerException' while processing file: test_src/LANModel/moose/lan/server/OutputServer.java
*** VerveineJ visitor got exception: 'java.lang.NullPointerException' while processing file: test_src/LANModel/moose/lan/server/PrintServer.java
*** VerveineJ visitor got exception: 'java.lang.NullPointerException' while processing file: test_src/LANModel/moose/lan/Node.java
*** VerveineJ visitor got exception: 'java.lang.NullPointerException' while processing file: test_src/LANModel/moose/lan/Packet.java
*** VerveineJ visitor got exception: 'java.lang.NullPointerException' while processing file: test_src/LANModel/moose/lan/SingleDestinationAddress.java
*** VerveineJ visitor got exception: 'java.lang.NullPointerException' while processing file: test_src/LANModel/moose/lan/WorkStation.java
*** VerveineJ visitor got exception: 'java.lang.NullPointerException' while processing file: test_src/LANModel/moose/lan/server/FileServer.java
*** VerveineJ visitor got exception: 'java.lang.NullPointerException' while processing file: test_src/LANModel/moose/lan/server/OutputServer.java
*** VerveineJ visitor got exception: 'java.lang.NullPointerException' while processing file: test_src/LANModel/moose/lan/server/PrintServer.java
]]></system-err>
</testsuite>
