<?xml version="1.0" encoding="UTF-8" ?>
<testsuite errors="0" failures="0" hostname="Merychippus" name="tests.fr.inria.verveine.extractor.java.VerveineJTest_AdHoc" tests="29" time="7.07" timestamp="2013-02-03T13:48:34">
  <properties>
[...]
</properties>
  <testcase classname="tests.fr.inria.verveine.extractor.java.VerveineJTest_AdHoc" name="testDictionary" time="2.022" />
  <testcase classname="tests.fr.inria.verveine.extractor.java.VerveineJTest_AdHoc" name="testStaticMembers" time="0.408" />
  <testcase classname="tests.fr.inria.verveine.extractor.java.VerveineJTest_AdHoc" name="testUnknownMethod" time="0.285" />
  <testcase classname="tests.fr.inria.verveine.extractor.java.VerveineJTest_AdHoc" name="testExceptions" time="0.366" />
  <testcase classname="tests.fr.inria.verveine.extractor.java.VerveineJTest_AdHoc" name="testClassWithNoBindingCreatedAsType" time="0.245" />
  <testcase classname="tests.fr.inria.verveine.extractor.java.VerveineJTest_AdHoc" name="testAnnotation" time="0.185" />
  <testcase classname="tests.fr.inria.verveine.extractor.java.VerveineJTest_AdHoc" name="testClassVar" time="0.186" />
  <testcase classname="tests.fr.inria.verveine.extractor.java.VerveineJTest_AdHoc" name="testParameterizableClass" time="0.203" />
  <testcase classname="tests.fr.inria.verveine.extractor.java.VerveineJTest_AdHoc" name="testParameterizedType" time="0.191" />
  <testcase classname="tests.fr.inria.verveine.extractor.java.VerveineJTest_AdHoc" name="testParameterTypeAsType" time="0.132" />
  <testcase classname="tests.fr.inria.verveine.extractor.java.VerveineJTest_AdHoc" name="testMethodParameterArgumentTypes" time="0.148" />
  <testcase classname="tests.fr.inria.verveine.extractor.java.VerveineJTest_AdHoc" name="testEnumAccess" time="0.182" />
  <testcase classname="tests.fr.inria.verveine.extractor.java.VerveineJTest_AdHoc" name="testMethodLocalVariableArgumentTypes" time="0.162" />
  <testcase classname="tests.fr.inria.verveine.extractor.java.VerveineJTest_AdHoc" name="testMethodReturnArgumentTypes" time="0.14" />
  <testcase classname="tests.fr.inria.verveine.extractor.java.VerveineJTest_AdHoc" name="testEnumDecl" time="0.263" />
  <testcase classname="tests.fr.inria.verveine.extractor.java.VerveineJTest_AdHoc" name="testStaticInitializationBlock" time="0.302" />
  <testcase classname="tests.fr.inria.verveine.extractor.java.VerveineJTest_AdHoc" name="testWrongMethodOwner" time="0.113" />
  <testcase classname="tests.fr.inria.verveine.extractor.java.VerveineJTest_AdHoc" name="testModifiers" time="0.115" />
  <testcase classname="tests.fr.inria.verveine.extractor.java.VerveineJTest_AdHoc" name="testMultipleSignatures" time="0.129" />
  <testcase classname="tests.fr.inria.verveine.extractor.java.VerveineJTest_AdHoc" name="testAnnotParamIsClass" time="0.114" />
  <testcase classname="tests.fr.inria.verveine.extractor.java.VerveineJTest_AdHoc" name="testInvokSelfNoBinding" time="0.122" />
  <testcase classname="tests.fr.inria.verveine.extractor.java.VerveineJTest_AdHoc" name="testConstructorInvocations" time="0.111" />
  <testcase classname="tests.fr.inria.verveine.extractor.java.VerveineJTest_AdHoc" name="testStubConstructor" time="0.115" />
  <testcase classname="tests.fr.inria.verveine.extractor.java.VerveineJTest_AdHoc" name="testAssociation" time="0.143" />
  <testcase classname="tests.fr.inria.verveine.extractor.java.VerveineJTest_AdHoc" name="testBelongsTo" time="0.121" />
  <testcase classname="tests.fr.inria.verveine.extractor.java.VerveineJTest_AdHoc" name="testMethodAndClassSourceAnchor" time="0.115" />
  <testcase classname="tests.fr.inria.verveine.extractor.java.VerveineJTest_AdHoc" name="testJavaCore" time="0.118" />
  <testcase classname="tests.fr.inria.verveine.extractor.java.VerveineJTest_AdHoc" name="testSourceLanguage" time="0.132" />
  <testcase classname="tests.fr.inria.verveine.extractor.java.VerveineJTest_AdHoc" name="testPrimitiveTypes" time="0.123" />
  <system-out><![CDATA[VerveineJ processing file: test_src/ad_hoc/DefaultConstructor.java
VerveineJ processing file: test_src/ad_hoc/ReadClient.java
VerveineJ processing file: test_src/ad_hoc/WrongInvocation.java
VerveineJ processing file: test_src/ad_hoc/Card.java
VerveineJ processing file: test_src/ad_hoc/Dictionary.java
VerveineJ processing file: test_src/ad_hoc/ReadException.java
VerveineJ processing file: test_src/ad_hoc/annotations/GetProperty.java
VerveineJ processing file: test_src/ad_hoc/annotations/XmlElement.java
VerveineJ processing file: test_src/ad_hoc/annotations/Book.java
VerveineJ processing file: test_src/ad_hoc/annotations/Serializer.java
VerveineJ processing file: test_src/ad_hoc/annotations/SetProperty.java
VerveineJ processing file: test_src/ad_hoc/SubDir/Example.java
VerveineJ processing file: test_src/ad_hoc/InvokerWrongOwner.java
VerveineJ processing file: test_src/ad_hoc/ComplexEnum.java
VerveineJ processing file: test_src/ad_hoc/Planet.java
VerveineJ processing file: test_src/ad_hoc/Example.java
VerveineJ processing file: test_src/ad_hoc/MultipleSignatures.java
VerveineJ processing file: test_src/ad_hoc/Modifiers.java
VerveineJ processing file: test_src/ad_hoc/DefaultConstructor.java
VerveineJ processing file: test_src/ad_hoc/ReadClient.java
VerveineJ processing file: test_src/ad_hoc/WrongInvocation.java
VerveineJ processing file: test_src/ad_hoc/Card.java
VerveineJ processing file: test_src/ad_hoc/Dictionary.java
VerveineJ processing file: test_src/ad_hoc/ReadException.java
VerveineJ processing file: test_src/ad_hoc/annotations/GetProperty.java
VerveineJ processing file: test_src/ad_hoc/annotations/XmlElement.java
VerveineJ processing file: test_src/ad_hoc/annotations/Book.java
VerveineJ processing file: test_src/ad_hoc/annotations/Serializer.java
VerveineJ processing file: test_src/ad_hoc/annotations/SetProperty.java
VerveineJ processing file: test_src/ad_hoc/SubDir/Example.java
VerveineJ processing file: test_src/ad_hoc/InvokerWrongOwner.java
VerveineJ processing file: test_src/ad_hoc/ComplexEnum.java
VerveineJ processing file: test_src/ad_hoc/Planet.java
VerveineJ processing file: test_src/ad_hoc/Example.java
VerveineJ processing file: test_src/ad_hoc/MultipleSignatures.java
VerveineJ processing file: test_src/ad_hoc/Modifiers.java
VerveineJ processing file: test_src/ad_hoc/DefaultConstructor.java
VerveineJ processing file: test_src/ad_hoc/ReadClient.java
VerveineJ processing file: test_src/ad_hoc/WrongInvocation.java
VerveineJ processing file: test_src/ad_hoc/Card.java
VerveineJ processing file: test_src/ad_hoc/Dictionary.java
VerveineJ processing file: test_src/ad_hoc/ReadException.java
VerveineJ processing file: test_src/ad_hoc/annotations/GetProperty.java
VerveineJ processing file: test_src/ad_hoc/annotations/XmlElement.java
VerveineJ processing file: test_src/ad_hoc/annotations/Book.java
VerveineJ processing file: test_src/ad_hoc/annotations/Serializer.java
VerveineJ processing file: test_src/ad_hoc/annotations/SetProperty.java
VerveineJ processing file: test_src/ad_hoc/SubDir/Example.java
VerveineJ processing file: test_src/ad_hoc/InvokerWrongOwner.java
VerveineJ processing file: test_src/ad_hoc/ComplexEnum.java
VerveineJ processing file: test_src/ad_hoc/Planet.java
VerveineJ processing file: test_src/ad_hoc/Example.java
VerveineJ processing file: test_src/ad_hoc/MultipleSignatures.java
VerveineJ processing file: test_src/ad_hoc/Modifiers.java
VerveineJ processing file: test_src/ad_hoc/DefaultConstructor.java
VerveineJ processing file: test_src/ad_hoc/ReadClient.java
VerveineJ processing file: test_src/ad_hoc/WrongInvocation.java
VerveineJ processing file: test_src/ad_hoc/Card.java
VerveineJ processing file: test_src/ad_hoc/Dictionary.java
VerveineJ processing file: test_src/ad_hoc/ReadException.java
VerveineJ processing file: test_src/ad_hoc/annotations/GetProperty.java
VerveineJ processing file: test_src/ad_hoc/annotations/XmlElement.java
VerveineJ processing file: test_src/ad_hoc/annotations/Book.java
VerveineJ processing file: test_src/ad_hoc/annotations/Serializer.java
VerveineJ processing file: test_src/ad_hoc/annotations/SetProperty.java
VerveineJ processing file: test_src/ad_hoc/SubDir/Example.java
VerveineJ processing file: test_src/ad_hoc/InvokerWrongOwner.java
VerveineJ processing file: test_src/ad_hoc/ComplexEnum.java
VerveineJ processing file: test_src/ad_hoc/Planet.java
VerveineJ processing file: test_src/ad_hoc/Example.java
VerveineJ processing file: test_src/ad_hoc/MultipleSignatures.java
VerveineJ processing file: test_src/ad_hoc/Modifiers.java
VerveineJ processing file: test_src/ad_hoc/DefaultConstructor.java
VerveineJ processing file: test_src/ad_hoc/ReadClient.java
VerveineJ processing file: test_src/ad_hoc/WrongInvocation.java
VerveineJ processing file: test_src/ad_hoc/Card.java
VerveineJ processing file: test_src/ad_hoc/Dictionary.java
VerveineJ processing file: test_src/ad_hoc/ReadException.java
VerveineJ processing file: test_src/ad_hoc/annotations/GetProperty.java
VerveineJ processing file: test_src/ad_hoc/annotations/XmlElement.java
VerveineJ processing file: test_src/ad_hoc/annotations/Book.java
VerveineJ processing file: test_src/ad_hoc/annotations/Serializer.java
VerveineJ processing file: test_src/ad_hoc/annotations/SetProperty.java
VerveineJ processing file: test_src/ad_hoc/SubDir/Example.java
VerveineJ processing file: test_src/ad_hoc/InvokerWrongOwner.java
VerveineJ processing file: test_src/ad_hoc/ComplexEnum.java
VerveineJ processing file: test_src/ad_hoc/Planet.java
VerveineJ processing file: test_src/ad_hoc/Example.java
VerveineJ processing file: test_src/ad_hoc/MultipleSignatures.java
VerveineJ processing file: test_src/ad_hoc/Modifiers.java
VerveineJ processing file: test_src/ad_hoc/DefaultConstructor.java
VerveineJ processing file: test_src/ad_hoc/ReadClient.java
VerveineJ processing file: test_src/ad_hoc/WrongInvocation.java
VerveineJ processing file: test_src/ad_hoc/Card.java
VerveineJ processing file: test_src/ad_hoc/Dictionary.java
VerveineJ processing file: test_src/ad_hoc/ReadException.java
VerveineJ processing file: test_src/ad_hoc/annotations/GetProperty.java
VerveineJ processing file: test_src/ad_hoc/annotations/XmlElement.java
VerveineJ processing file: test_src/ad_hoc/annotations/Book.java
VerveineJ processing file: test_src/ad_hoc/annotations/Serializer.java
VerveineJ processing file: test_src/ad_hoc/annotations/SetProperty.java
VerveineJ processing file: test_src/ad_hoc/SubDir/Example.java
VerveineJ processing file: test_src/ad_hoc/InvokerWrongOwner.java
VerveineJ processing file: test_src/ad_hoc/ComplexEnum.java
VerveineJ processing file: test_src/ad_hoc/Planet.java
VerveineJ processing file: test_src/ad_hoc/Example.java
VerveineJ processing file: test_src/ad_hoc/MultipleSignatures.java
VerveineJ processing file: test_src/ad_hoc/Modifiers.java
VerveineJ processing file: test_src/ad_hoc/DefaultConstructor.java
VerveineJ processing file: test_src/ad_hoc/ReadClient.java
VerveineJ processing file: test_src/ad_hoc/WrongInvocation.java
VerveineJ processing file: test_src/ad_hoc/Card.java
VerveineJ processing file: test_src/ad_hoc/Dictionary.java
VerveineJ processing file: test_src/ad_hoc/ReadException.java
VerveineJ processing file: test_src/ad_hoc/annotations/GetProperty.java
VerveineJ processing file: test_src/ad_hoc/annotations/XmlElement.java
VerveineJ processing file: test_src/ad_hoc/annotations/Book.java
VerveineJ processing file: test_src/ad_hoc/annotations/Serializer.java
VerveineJ processing file: test_src/ad_hoc/annotations/SetProperty.java
VerveineJ processing file: test_src/ad_hoc/SubDir/Example.java
VerveineJ processing file: test_src/ad_hoc/InvokerWrongOwner.java
VerveineJ processing file: test_src/ad_hoc/ComplexEnum.java
VerveineJ processing file: test_src/ad_hoc/Planet.java
VerveineJ processing file: test_src/ad_hoc/Example.java
VerveineJ processing file: test_src/ad_hoc/MultipleSignatures.java
VerveineJ processing file: test_src/ad_hoc/Modifiers.java
VerveineJ processing file: test_src/ad_hoc/DefaultConstructor.java
VerveineJ processing file: test_src/ad_hoc/ReadClient.java
VerveineJ processing file: test_src/ad_hoc/WrongInvocation.java
VerveineJ processing file: test_src/ad_hoc/Card.java
VerveineJ processing file: test_src/ad_hoc/Dictionary.java
VerveineJ processing file: test_src/ad_hoc/ReadException.java
VerveineJ processing file: test_src/ad_hoc/annotations/GetProperty.java
VerveineJ processing file: test_src/ad_hoc/annotations/XmlElement.java
VerveineJ processing file: test_src/ad_hoc/annotations/Book.java
VerveineJ processing file: test_src/ad_hoc/annotations/Serializer.java
VerveineJ processing file: test_src/ad_hoc/annotations/SetProperty.java
VerveineJ processing file: test_src/ad_hoc/SubDir/Example.java
VerveineJ processing file: test_src/ad_hoc/InvokerWrongOwner.java
VerveineJ processing file: test_src/ad_hoc/ComplexEnum.java
VerveineJ processing file: test_src/ad_hoc/Planet.java
VerveineJ processing file: test_src/ad_hoc/Example.java
VerveineJ processing file: test_src/ad_hoc/MultipleSignatures.java
VerveineJ processing file: test_src/ad_hoc/Modifiers.java
VerveineJ processing file: test_src/ad_hoc/DefaultConstructor.java
VerveineJ processing file: test_src/ad_hoc/ReadClient.java
VerveineJ processing file: test_src/ad_hoc/WrongInvocation.java
VerveineJ processing file: test_src/ad_hoc/Card.java
VerveineJ processing file: test_src/ad_hoc/Dictionary.java
VerveineJ processing file: test_src/ad_hoc/ReadException.java
VerveineJ processing file: test_src/ad_hoc/annotations/GetProperty.java
VerveineJ processing file: test_src/ad_hoc/annotations/XmlElement.java
VerveineJ processing file: test_src/ad_hoc/annotations/Book.java
VerveineJ processing file: test_src/ad_hoc/annotations/Serializer.java
VerveineJ processing file: test_src/ad_hoc/annotations/SetProperty.java
VerveineJ processing file: test_src/ad_hoc/SubDir/Example.java
VerveineJ processing file: test_src/ad_hoc/InvokerWrongOwner.java
VerveineJ processing file: test_src/ad_hoc/ComplexEnum.java
VerveineJ processing file: test_src/ad_hoc/Planet.java
VerveineJ processing file: test_src/ad_hoc/Example.java
VerveineJ processing file: test_src/ad_hoc/MultipleSignatures.java
VerveineJ processing file: test_src/ad_hoc/Modifiers.java
VerveineJ processing file: test_src/ad_hoc/DefaultConstructor.java
VerveineJ processing file: test_src/ad_hoc/ReadClient.java
VerveineJ processing file: test_src/ad_hoc/WrongInvocation.java
VerveineJ processing file: test_src/ad_hoc/Card.java
VerveineJ processing file: test_src/ad_hoc/Dictionary.java
VerveineJ processing file: test_src/ad_hoc/ReadException.java
VerveineJ processing file: test_src/ad_hoc/annotations/GetProperty.java
VerveineJ processing file: test_src/ad_hoc/annotations/XmlElement.java
VerveineJ processing file: test_src/ad_hoc/annotations/Book.java
VerveineJ processing file: test_src/ad_hoc/annotations/Serializer.java
VerveineJ processing file: test_src/ad_hoc/annotations/SetProperty.java
VerveineJ processing file: test_src/ad_hoc/SubDir/Example.java
VerveineJ processing file: test_src/ad_hoc/InvokerWrongOwner.java
VerveineJ processing file: test_src/ad_hoc/ComplexEnum.java
VerveineJ processing file: test_src/ad_hoc/Planet.java
VerveineJ processing file: test_src/ad_hoc/Example.java
VerveineJ processing file: test_src/ad_hoc/MultipleSignatures.java
VerveineJ processing file: test_src/ad_hoc/Modifiers.java
VerveineJ processing file: test_src/ad_hoc/DefaultConstructor.java
VerveineJ processing file: test_src/ad_hoc/ReadClient.java
VerveineJ processing file: test_src/ad_hoc/WrongInvocation.java
VerveineJ processing file: test_src/ad_hoc/Card.java
VerveineJ processing file: test_src/ad_hoc/Dictionary.java
VerveineJ processing file: test_src/ad_hoc/ReadException.java
VerveineJ processing file: test_src/ad_hoc/annotations/GetProperty.java
VerveineJ processing file: test_src/ad_hoc/annotations/XmlElement.java
VerveineJ processing file: test_src/ad_hoc/annotations/Book.java
VerveineJ processing file: test_src/ad_hoc/annotations/Serializer.java
VerveineJ processing file: test_src/ad_hoc/annotations/SetProperty.java
VerveineJ processing file: test_src/ad_hoc/SubDir/Example.java
VerveineJ processing file: test_src/ad_hoc/InvokerWrongOwner.java
VerveineJ processing file: test_src/ad_hoc/ComplexEnum.java
VerveineJ processing file: test_src/ad_hoc/Planet.java
VerveineJ processing file: test_src/ad_hoc/Example.java
VerveineJ processing file: test_src/ad_hoc/MultipleSignatures.java
VerveineJ processing file: test_src/ad_hoc/Modifiers.java
VerveineJ processing file: test_src/ad_hoc/DefaultConstructor.java
VerveineJ processing file: test_src/ad_hoc/ReadClient.java
VerveineJ processing file: test_src/ad_hoc/WrongInvocation.java
VerveineJ processing file: test_src/ad_hoc/Card.java
VerveineJ processing file: test_src/ad_hoc/Dictionary.java
VerveineJ processing file: test_src/ad_hoc/ReadException.java
VerveineJ processing file: test_src/ad_hoc/annotations/GetProperty.java
VerveineJ processing file: test_src/ad_hoc/annotations/XmlElement.java
VerveineJ processing file: test_src/ad_hoc/annotations/Book.java
VerveineJ processing file: test_src/ad_hoc/annotations/Serializer.java
VerveineJ processing file: test_src/ad_hoc/annotations/SetProperty.java
VerveineJ processing file: test_src/ad_hoc/SubDir/Example.java
VerveineJ processing file: test_src/ad_hoc/InvokerWrongOwner.java
VerveineJ processing file: test_src/ad_hoc/ComplexEnum.java
VerveineJ processing file: test_src/ad_hoc/Planet.java
VerveineJ processing file: test_src/ad_hoc/Example.java
VerveineJ processing file: test_src/ad_hoc/MultipleSignatures.java
VerveineJ processing file: test_src/ad_hoc/Modifiers.java
VerveineJ processing file: test_src/ad_hoc/DefaultConstructor.java
VerveineJ processing file: test_src/ad_hoc/ReadClient.java
VerveineJ processing file: test_src/ad_hoc/WrongInvocation.java
VerveineJ processing file: test_src/ad_hoc/Card.java
VerveineJ processing file: test_src/ad_hoc/Dictionary.java
VerveineJ processing file: test_src/ad_hoc/ReadException.java
VerveineJ processing file: test_src/ad_hoc/annotations/GetProperty.java
VerveineJ processing file: test_src/ad_hoc/annotations/XmlElement.java
VerveineJ processing file: test_src/ad_hoc/annotations/Book.java
VerveineJ processing file: test_src/ad_hoc/annotations/Serializer.java
VerveineJ processing file: test_src/ad_hoc/annotations/SetProperty.java
VerveineJ processing file: test_src/ad_hoc/SubDir/Example.java
VerveineJ processing file: test_src/ad_hoc/InvokerWrongOwner.java
VerveineJ processing file: test_src/ad_hoc/ComplexEnum.java
VerveineJ processing file: test_src/ad_hoc/Planet.java
VerveineJ processing file: test_src/ad_hoc/Example.java
VerveineJ processing file: test_src/ad_hoc/MultipleSignatures.java
VerveineJ processing file: test_src/ad_hoc/Modifiers.java
VerveineJ processing file: test_src/ad_hoc/DefaultConstructor.java
VerveineJ processing file: test_src/ad_hoc/ReadClient.java
VerveineJ processing file: test_src/ad_hoc/WrongInvocation.java
VerveineJ processing file: test_src/ad_hoc/Card.java
VerveineJ processing file: test_src/ad_hoc/Dictionary.java
VerveineJ processing file: test_src/ad_hoc/ReadException.java
VerveineJ processing file: test_src/ad_hoc/annotations/GetProperty.java
VerveineJ processing file: test_src/ad_hoc/annotations/XmlElement.java
VerveineJ processing file: test_src/ad_hoc/annotations/Book.java
VerveineJ processing file: test_src/ad_hoc/annotations/Serializer.java
VerveineJ processing file: test_src/ad_hoc/annotations/SetProperty.java
VerveineJ processing file: test_src/ad_hoc/SubDir/Example.java
VerveineJ processing file: test_src/ad_hoc/InvokerWrongOwner.java
VerveineJ processing file: test_src/ad_hoc/ComplexEnum.java
VerveineJ processing file: test_src/ad_hoc/Planet.java
VerveineJ processing file: test_src/ad_hoc/Example.java
VerveineJ processing file: test_src/ad_hoc/MultipleSignatures.java
VerveineJ processing file: test_src/ad_hoc/Modifiers.java
VerveineJ processing file: test_src/ad_hoc/DefaultConstructor.java
VerveineJ processing file: test_src/ad_hoc/ReadClient.java
VerveineJ processing file: test_src/ad_hoc/WrongInvocation.java
VerveineJ processing file: test_src/ad_hoc/Card.java
VerveineJ processing file: test_src/ad_hoc/Dictionary.java
VerveineJ processing file: test_src/ad_hoc/ReadException.java
VerveineJ processing file: test_src/ad_hoc/annotations/GetProperty.java
VerveineJ processing file: test_src/ad_hoc/annotations/XmlElement.java
VerveineJ processing file: test_src/ad_hoc/annotations/Book.java
VerveineJ processing file: test_src/ad_hoc/annotations/Serializer.java
VerveineJ processing file: test_src/ad_hoc/annotations/SetProperty.java
VerveineJ processing file: test_src/ad_hoc/SubDir/Example.java
VerveineJ processing file: test_src/ad_hoc/InvokerWrongOwner.java
VerveineJ processing file: test_src/ad_hoc/ComplexEnum.java
VerveineJ processing file: test_src/ad_hoc/Planet.java
VerveineJ processing file: test_src/ad_hoc/Example.java
VerveineJ processing file: test_src/ad_hoc/MultipleSignatures.java
VerveineJ processing file: test_src/ad_hoc/Modifiers.java
VerveineJ processing file: test_src/ad_hoc/DefaultConstructor.java
VerveineJ processing file: test_src/ad_hoc/ReadClient.java
VerveineJ processing file: test_src/ad_hoc/WrongInvocation.java
VerveineJ processing file: test_src/ad_hoc/Card.java
VerveineJ processing file: test_src/ad_hoc/Dictionary.java
VerveineJ processing file: test_src/ad_hoc/ReadException.java
VerveineJ processing file: test_src/ad_hoc/annotations/GetProperty.java
VerveineJ processing file: test_src/ad_hoc/annotations/XmlElement.java
VerveineJ processing file: test_src/ad_hoc/annotations/Book.java
VerveineJ processing file: test_src/ad_hoc/annotations/Serializer.java
VerveineJ processing file: test_src/ad_hoc/annotations/SetProperty.java
VerveineJ processing file: test_src/ad_hoc/SubDir/Example.java
VerveineJ processing file: test_src/ad_hoc/InvokerWrongOwner.java
VerveineJ processing file: test_src/ad_hoc/ComplexEnum.java
VerveineJ processing file: test_src/ad_hoc/Planet.java
VerveineJ processing file: test_src/ad_hoc/Example.java
VerveineJ processing file: test_src/ad_hoc/MultipleSignatures.java
VerveineJ processing file: test_src/ad_hoc/Modifiers.java
VerveineJ processing file: test_src/ad_hoc/DefaultConstructor.java
VerveineJ processing file: test_src/ad_hoc/ReadClient.java
VerveineJ processing file: test_src/ad_hoc/WrongInvocation.java
VerveineJ processing file: test_src/ad_hoc/Card.java
VerveineJ processing file: test_src/ad_hoc/Dictionary.java
VerveineJ processing file: test_src/ad_hoc/ReadException.java
VerveineJ processing file: test_src/ad_hoc/annotations/GetProperty.java
VerveineJ processing file: test_src/ad_hoc/annotations/XmlElement.java
VerveineJ processing file: test_src/ad_hoc/annotations/Book.java
VerveineJ processing file: test_src/ad_hoc/annotations/Serializer.java
VerveineJ processing file: test_src/ad_hoc/annotations/SetProperty.java
VerveineJ processing file: test_src/ad_hoc/SubDir/Example.java
VerveineJ processing file: test_src/ad_hoc/InvokerWrongOwner.java
VerveineJ processing file: test_src/ad_hoc/ComplexEnum.java
VerveineJ processing file: test_src/ad_hoc/Planet.java
VerveineJ processing file: test_src/ad_hoc/Example.java
VerveineJ processing file: test_src/ad_hoc/MultipleSignatures.java
VerveineJ processing file: test_src/ad_hoc/Modifiers.java
VerveineJ processing file: test_src/ad_hoc/DefaultConstructor.java
VerveineJ processing file: test_src/ad_hoc/ReadClient.java
VerveineJ processing file: test_src/ad_hoc/WrongInvocation.java
VerveineJ processing file: test_src/ad_hoc/Card.java
VerveineJ processing file: test_src/ad_hoc/Dictionary.java
VerveineJ processing file: test_src/ad_hoc/ReadException.java
VerveineJ processing file: test_src/ad_hoc/annotations/GetProperty.java
VerveineJ processing file: test_src/ad_hoc/annotations/XmlElement.java
VerveineJ processing file: test_src/ad_hoc/annotations/Book.java
VerveineJ processing file: test_src/ad_hoc/annotations/Serializer.java
VerveineJ processing file: test_src/ad_hoc/annotations/SetProperty.java
VerveineJ processing file: test_src/ad_hoc/SubDir/Example.java
VerveineJ processing file: test_src/ad_hoc/InvokerWrongOwner.java
VerveineJ processing file: test_src/ad_hoc/ComplexEnum.java
VerveineJ processing file: test_src/ad_hoc/Planet.java
VerveineJ processing file: test_src/ad_hoc/Example.java
VerveineJ processing file: test_src/ad_hoc/MultipleSignatures.java
VerveineJ processing file: test_src/ad_hoc/Modifiers.java
VerveineJ processing file: test_src/ad_hoc/DefaultConstructor.java
VerveineJ processing file: test_src/ad_hoc/ReadClient.java
VerveineJ processing file: test_src/ad_hoc/WrongInvocation.java
VerveineJ processing file: test_src/ad_hoc/Card.java
VerveineJ processing file: test_src/ad_hoc/Dictionary.java
VerveineJ processing file: test_src/ad_hoc/ReadException.java
VerveineJ processing file: test_src/ad_hoc/annotations/GetProperty.java
VerveineJ processing file: test_src/ad_hoc/annotations/XmlElement.java
VerveineJ processing file: test_src/ad_hoc/annotations/Book.java
VerveineJ processing file: test_src/ad_hoc/annotations/Serializer.java
VerveineJ processing file: test_src/ad_hoc/annotations/SetProperty.java
VerveineJ processing file: test_src/ad_hoc/SubDir/Example.java
VerveineJ processing file: test_src/ad_hoc/InvokerWrongOwner.java
VerveineJ processing file: test_src/ad_hoc/ComplexEnum.java
VerveineJ processing file: test_src/ad_hoc/Planet.java
VerveineJ processing file: test_src/ad_hoc/Example.java
VerveineJ processing file: test_src/ad_hoc/MultipleSignatures.java
VerveineJ processing file: test_src/ad_hoc/Modifiers.java
VerveineJ processing file: test_src/ad_hoc/DefaultConstructor.java
VerveineJ processing file: test_src/ad_hoc/ReadClient.java
VerveineJ processing file: test_src/ad_hoc/WrongInvocation.java
VerveineJ processing file: test_src/ad_hoc/Card.java
VerveineJ processing file: test_src/ad_hoc/Dictionary.java
VerveineJ processing file: test_src/ad_hoc/ReadException.java
VerveineJ processing file: test_src/ad_hoc/annotations/GetProperty.java
VerveineJ processing file: test_src/ad_hoc/annotations/XmlElement.java
VerveineJ processing file: test_src/ad_hoc/annotations/Book.java
VerveineJ processing file: test_src/ad_hoc/annotations/Serializer.java
VerveineJ processing file: test_src/ad_hoc/annotations/SetProperty.java
VerveineJ processing file: test_src/ad_hoc/SubDir/Example.java
VerveineJ processing file: test_src/ad_hoc/InvokerWrongOwner.java
VerveineJ processing file: test_src/ad_hoc/ComplexEnum.java
VerveineJ processing file: test_src/ad_hoc/Planet.java
VerveineJ processing file: test_src/ad_hoc/Example.java
VerveineJ processing file: test_src/ad_hoc/MultipleSignatures.java
VerveineJ processing file: test_src/ad_hoc/Modifiers.java
VerveineJ processing file: test_src/ad_hoc/DefaultConstructor.java
VerveineJ processing file: test_src/ad_hoc/ReadClient.java
VerveineJ processing file: test_src/ad_hoc/WrongInvocation.java
VerveineJ processing file: test_src/ad_hoc/Card.java
VerveineJ processing file: test_src/ad_hoc/Dictionary.java
VerveineJ processing file: test_src/ad_hoc/ReadException.java
VerveineJ processing file: test_src/ad_hoc/annotations/GetProperty.java
VerveineJ processing file: test_src/ad_hoc/annotations/XmlElement.java
VerveineJ processing file: test_src/ad_hoc/annotations/Book.java
VerveineJ processing file: test_src/ad_hoc/annotations/Serializer.java
VerveineJ processing file: test_src/ad_hoc/annotations/SetProperty.java
VerveineJ processing file: test_src/ad_hoc/SubDir/Example.java
VerveineJ processing file: test_src/ad_hoc/InvokerWrongOwner.java
VerveineJ processing file: test_src/ad_hoc/ComplexEnum.java
VerveineJ processing file: test_src/ad_hoc/Planet.java
VerveineJ processing file: test_src/ad_hoc/Example.java
VerveineJ processing file: test_src/ad_hoc/MultipleSignatures.java
VerveineJ processing file: test_src/ad_hoc/Modifiers.java
VerveineJ processing file: test_src/ad_hoc/DefaultConstructor.java
VerveineJ processing file: test_src/ad_hoc/ReadClient.java
VerveineJ processing file: test_src/ad_hoc/WrongInvocation.java
VerveineJ processing file: test_src/ad_hoc/Card.java
VerveineJ processing file: test_src/ad_hoc/Dictionary.java
VerveineJ processing file: test_src/ad_hoc/ReadException.java
VerveineJ processing file: test_src/ad_hoc/annotations/GetProperty.java
VerveineJ processing file: test_src/ad_hoc/annotations/XmlElement.java
VerveineJ processing file: test_src/ad_hoc/annotations/Book.java
VerveineJ processing file: test_src/ad_hoc/annotations/Serializer.java
VerveineJ processing file: test_src/ad_hoc/annotations/SetProperty.java
VerveineJ processing file: test_src/ad_hoc/SubDir/Example.java
VerveineJ processing file: test_src/ad_hoc/InvokerWrongOwner.java
VerveineJ processing file: test_src/ad_hoc/ComplexEnum.java
VerveineJ processing file: test_src/ad_hoc/Planet.java
VerveineJ processing file: test_src/ad_hoc/Example.java
VerveineJ processing file: test_src/ad_hoc/MultipleSignatures.java
VerveineJ processing file: test_src/ad_hoc/Modifiers.java
VerveineJ processing file: test_src/ad_hoc/DefaultConstructor.java
VerveineJ processing file: test_src/ad_hoc/ReadClient.java
VerveineJ processing file: test_src/ad_hoc/WrongInvocation.java
VerveineJ processing file: test_src/ad_hoc/Card.java
VerveineJ processing file: test_src/ad_hoc/Dictionary.java
VerveineJ processing file: test_src/ad_hoc/ReadException.java
VerveineJ processing file: test_src/ad_hoc/annotations/GetProperty.java
VerveineJ processing file: test_src/ad_hoc/annotations/XmlElement.java
VerveineJ processing file: test_src/ad_hoc/annotations/Book.java
VerveineJ processing file: test_src/ad_hoc/annotations/Serializer.java
VerveineJ processing file: test_src/ad_hoc/annotations/SetProperty.java
VerveineJ processing file: test_src/ad_hoc/SubDir/Example.java
VerveineJ processing file: test_src/ad_hoc/InvokerWrongOwner.java
VerveineJ processing file: test_src/ad_hoc/ComplexEnum.java
VerveineJ processing file: test_src/ad_hoc/Planet.java
VerveineJ processing file: test_src/ad_hoc/Example.java
VerveineJ processing file: test_src/ad_hoc/MultipleSignatures.java
VerveineJ processing file: test_src/ad_hoc/Modifiers.java
VerveineJ processing file: test_src/ad_hoc/DefaultConstructor.java
VerveineJ processing file: test_src/ad_hoc/ReadClient.java
VerveineJ processing file: test_src/ad_hoc/WrongInvocation.java
VerveineJ processing file: test_src/ad_hoc/Card.java
VerveineJ processing file: test_src/ad_hoc/Dictionary.java
VerveineJ processing file: test_src/ad_hoc/ReadException.java
VerveineJ processing file: test_src/ad_hoc/annotations/GetProperty.java
VerveineJ processing file: test_src/ad_hoc/annotations/XmlElement.java
VerveineJ processing file: test_src/ad_hoc/annotations/Book.java
VerveineJ processing file: test_src/ad_hoc/annotations/Serializer.java
VerveineJ processing file: test_src/ad_hoc/annotations/SetProperty.java
VerveineJ processing file: test_src/ad_hoc/SubDir/Example.java
VerveineJ processing file: test_src/ad_hoc/InvokerWrongOwner.java
VerveineJ processing file: test_src/ad_hoc/ComplexEnum.java
VerveineJ processing file: test_src/ad_hoc/Planet.java
VerveineJ processing file: test_src/ad_hoc/Example.java
VerveineJ processing file: test_src/ad_hoc/MultipleSignatures.java
VerveineJ processing file: test_src/ad_hoc/Modifiers.java
VerveineJ processing file: test_src/ad_hoc/DefaultConstructor.java
VerveineJ processing file: test_src/ad_hoc/ReadClient.java
VerveineJ processing file: test_src/ad_hoc/WrongInvocation.java
VerveineJ processing file: test_src/ad_hoc/Card.java
VerveineJ processing file: test_src/ad_hoc/Dictionary.java
VerveineJ processing file: test_src/ad_hoc/ReadException.java
VerveineJ processing file: test_src/ad_hoc/annotations/GetProperty.java
VerveineJ processing file: test_src/ad_hoc/annotations/XmlElement.java
VerveineJ processing file: test_src/ad_hoc/annotations/Book.java
VerveineJ processing file: test_src/ad_hoc/annotations/Serializer.java
VerveineJ processing file: test_src/ad_hoc/annotations/SetProperty.java
VerveineJ processing file: test_src/ad_hoc/SubDir/Example.java
VerveineJ processing file: test_src/ad_hoc/InvokerWrongOwner.java
VerveineJ processing file: test_src/ad_hoc/ComplexEnum.java
VerveineJ processing file: test_src/ad_hoc/Planet.java
VerveineJ processing file: test_src/ad_hoc/Example.java
VerveineJ processing file: test_src/ad_hoc/MultipleSignatures.java
VerveineJ processing file: test_src/ad_hoc/Modifiers.java
VerveineJ processing file: test_src/ad_hoc/DefaultConstructor.java
VerveineJ processing file: test_src/ad_hoc/ReadClient.java
VerveineJ processing file: test_src/ad_hoc/WrongInvocation.java
VerveineJ processing file: test_src/ad_hoc/Card.java
VerveineJ processing file: test_src/ad_hoc/Dictionary.java
VerveineJ processing file: test_src/ad_hoc/ReadException.java
VerveineJ processing file: test_src/ad_hoc/annotations/GetProperty.java
VerveineJ processing file: test_src/ad_hoc/annotations/XmlElement.java
VerveineJ processing file: test_src/ad_hoc/annotations/Book.java
VerveineJ processing file: test_src/ad_hoc/annotations/Serializer.java
VerveineJ processing file: test_src/ad_hoc/annotations/SetProperty.java
VerveineJ processing file: test_src/ad_hoc/SubDir/Example.java
VerveineJ processing file: test_src/ad_hoc/InvokerWrongOwner.java
VerveineJ processing file: test_src/ad_hoc/ComplexEnum.java
VerveineJ processing file: test_src/ad_hoc/Planet.java
VerveineJ processing file: test_src/ad_hoc/Example.java
VerveineJ processing file: test_src/ad_hoc/MultipleSignatures.java
VerveineJ processing file: test_src/ad_hoc/Modifiers.java
VerveineJ processing file: test_src/ad_hoc/DefaultConstructor.java
VerveineJ processing file: test_src/ad_hoc/ReadClient.java
VerveineJ processing file: test_src/ad_hoc/WrongInvocation.java
VerveineJ processing file: test_src/ad_hoc/Card.java
VerveineJ processing file: test_src/ad_hoc/Dictionary.java
VerveineJ processing file: test_src/ad_hoc/ReadException.java
VerveineJ processing file: test_src/ad_hoc/annotations/GetProperty.java
VerveineJ processing file: test_src/ad_hoc/annotations/XmlElement.java
VerveineJ processing file: test_src/ad_hoc/annotations/Book.java
VerveineJ processing file: test_src/ad_hoc/annotations/Serializer.java
VerveineJ processing file: test_src/ad_hoc/annotations/SetProperty.java
VerveineJ processing file: test_src/ad_hoc/SubDir/Example.java
VerveineJ processing file: test_src/ad_hoc/InvokerWrongOwner.java
VerveineJ processing file: test_src/ad_hoc/ComplexEnum.java
VerveineJ processing file: test_src/ad_hoc/Planet.java
VerveineJ processing file: test_src/ad_hoc/Example.java
VerveineJ processing file: test_src/ad_hoc/MultipleSignatures.java
VerveineJ processing file: test_src/ad_hoc/Modifiers.java
VerveineJ processing file: test_src/ad_hoc/DefaultConstructor.java
VerveineJ processing file: test_src/ad_hoc/ReadClient.java
VerveineJ processing file: test_src/ad_hoc/WrongInvocation.java
VerveineJ processing file: test_src/ad_hoc/Card.java
VerveineJ processing file: test_src/ad_hoc/Dictionary.java
VerveineJ processing file: test_src/ad_hoc/ReadException.java
VerveineJ processing file: test_src/ad_hoc/annotations/GetProperty.java
VerveineJ processing file: test_src/ad_hoc/annotations/XmlElement.java
VerveineJ processing file: test_src/ad_hoc/annotations/Book.java
VerveineJ processing file: test_src/ad_hoc/annotations/Serializer.java
VerveineJ processing file: test_src/ad_hoc/annotations/SetProperty.java
VerveineJ processing file: test_src/ad_hoc/SubDir/Example.java
VerveineJ processing file: test_src/ad_hoc/InvokerWrongOwner.java
VerveineJ processing file: test_src/ad_hoc/ComplexEnum.java
VerveineJ processing file: test_src/ad_hoc/Planet.java
VerveineJ processing file: test_src/ad_hoc/Example.java
VerveineJ processing file: test_src/ad_hoc/MultipleSignatures.java
VerveineJ processing file: test_src/ad_hoc/Modifiers.java
VerveineJ processing file: test_src/ad_hoc/DefaultConstructor.java
VerveineJ processing file: test_src/ad_hoc/ReadClient.java
VerveineJ processing file: test_src/ad_hoc/WrongInvocation.java
VerveineJ processing file: test_src/ad_hoc/Card.java
VerveineJ processing file: test_src/ad_hoc/Dictionary.java
VerveineJ processing file: test_src/ad_hoc/ReadException.java
VerveineJ processing file: test_src/ad_hoc/annotations/GetProperty.java
VerveineJ processing file: test_src/ad_hoc/annotations/XmlElement.java
VerveineJ processing file: test_src/ad_hoc/annotations/Book.java
VerveineJ processing file: test_src/ad_hoc/annotations/Serializer.java
VerveineJ processing file: test_src/ad_hoc/annotations/SetProperty.java
VerveineJ processing file: test_src/ad_hoc/SubDir/Example.java
VerveineJ processing file: test_src/ad_hoc/InvokerWrongOwner.java
VerveineJ processing file: test_src/ad_hoc/ComplexEnum.java
VerveineJ processing file: test_src/ad_hoc/Planet.java
VerveineJ processing file: test_src/ad_hoc/Example.java
VerveineJ processing file: test_src/ad_hoc/MultipleSignatures.java
VerveineJ processing file: test_src/ad_hoc/Modifiers.java
]]></system-out>
  <system-err><![CDATA[]]></system-err>
</testsuite>
