Testsuite: tests.fr.inria.verveine.extractor.java.VerveineJTest_AdHoc
Tests run: 8, Failures: 5, Errors: 0, Time elapsed: 3.495 sec
------------- Standard Output ---------------
dico type: Map
dico type: Map
dico type: ImplicitVars
dico type: B
dico type: Map
------------- ---------------- ---------------

Testcase: testExceptions took 1.638 sec
Testcase: testAnnotation took 0.241 sec
	FAILED
expected:<1> but was:<0>
junit.framework.AssertionFailedError: expected:<1> but was:<0>
	at tests.fr.inria.verveine.extractor.java.VerveineJTest_AdHoc.testAnnotation(Unknown Source)

Testcase: testParameterizableClass took 0.305 sec
	FAILED
expected:<6> but was:<5>
junit.framework.AssertionFailedError: expected:<6> but was:<5>
	at tests.fr.inria.verveine.extractor.java.VerveineJTest_AdHoc.testParameterizableClass(Unknown Source)

Testcase: testParameterTypeAsType took 0.282 sec
Testcase: testMethodParameterArgumentTypes took 0.28 sec
	FAILED

junit.framework.AssertionFailedError: 
	at tests.fr.inria.verveine.extractor.java.VerveineJTest_AdHoc.testMethodParameterArgumentTypes(Unknown Source)

Testcase: testMethodLocalVariableArgumentTypes took 0.237 sec
	FAILED
expected:<1> but was:<0>
junit.framework.AssertionFailedError: expected:<1> but was:<0>
	at tests.fr.inria.verveine.extractor.java.VerveineJTest_AdHoc.testMethodLocalVariableArgumentTypes(Unknown Source)

Testcase: testMethodReturnArgumentTypes took 0.237 sec
Testcase: testEnumDecl took 0.239 sec
	FAILED

junit.framework.AssertionFailedError: 
	at tests.fr.inria.verveine.extractor.java.VerveineJTest_AdHoc.testEnumDecl(Unknown Source)

