<?xml version="1.0" encoding="UTF-8" ?>
<testsuite errors="0" failures="0" hostname="przewalski" name="tests.eu.synectique.verveine.extractor.java.VerveineJTest_ArrayListMatthias" skipped="0" tests="7" time="1.218" timestamp="2017-12-28T14:59:34">
  <properties>
[...]
</properties>
  <testcase classname="tests.eu.synectique.verveine.extractor.java.VerveineJTest_ArrayListMatthias" name="testEntitiesNumber" time="0.833" />
  <testcase classname="tests.eu.synectique.verveine.extractor.java.VerveineJTest_ArrayListMatthias" name="testAssociation" time="0.07" />
  <testcase classname="tests.eu.synectique.verveine.extractor.java.VerveineJTest_ArrayListMatthias" name="testBelongsTo" time="0.064" />
  <testcase classname="tests.eu.synectique.verveine.extractor.java.VerveineJTest_ArrayListMatthias" name="testSourceLanguage" time="0.045" />
  <testcase classname="tests.eu.synectique.verveine.extractor.java.VerveineJTest_ArrayListMatthias" name="testJavaCore" time="0.058" />
  <testcase classname="tests.eu.synectique.verveine.extractor.java.VerveineJTest_ArrayListMatthias" name="testMethodAndClassSourceAnchor" time="0.053" />
  <testcase classname="tests.eu.synectique.verveine.extractor.java.VerveineJTest_ArrayListMatthias" name="testPrimitiveTypes" time="0.056" />
  <system-out><![CDATA[Processing file: test_src/ArrayList-Matthias/Bla.java
Processing file: test_src/ArrayList-Matthias/Bla.java
Processing file: test_src/ArrayList-Matthias/Bla.java
Processing file: test_src/ArrayList-Matthias/Bla.java
Processing file: test_src/ArrayList-Matthias/Bla.java
Processing file: test_src/ArrayList-Matthias/Bla.java
Processing file: test_src/ArrayList-Matthias/Bla.java
]]></system-out>
  <system-err><![CDATA[]]></system-err>
</testsuite>
