<?xml version="1.0" encoding="UTF-8" ?>
<testsuite errors="0" failures="0" hostname="Merychippus" name="tests.fr.inria.verveine.extractor.java.VerveineJTest_LanModel" tests="20" time="13.472" timestamp="2011-06-06T12:54:15">
  <properties>
[...]
</properties>
  <testcase classname="tests.fr.inria.verveine.extractor.java.VerveineJTest_LanModel" name="testEntitiesNumber" time="3.116" />
  <testcase classname="tests.fr.inria.verveine.extractor.java.VerveineJTest_LanModel" name="testClassProperties" time="1.204" />
  <testcase classname="tests.fr.inria.verveine.extractor.java.VerveineJTest_LanModel" name="testNamedEntities" time="1.181" />
  <testcase classname="tests.fr.inria.verveine.extractor.java.VerveineJTest_LanModel" name="testInheritance" time="0.656" />
  <testcase classname="tests.fr.inria.verveine.extractor.java.VerveineJTest_LanModel" name="testMethodProperties" time="0.626" />
  <testcase classname="tests.fr.inria.verveine.extractor.java.VerveineJTest_LanModel" name="testFieldType" time="0.807" />
  <testcase classname="tests.fr.inria.verveine.extractor.java.VerveineJTest_LanModel" name="testStubs" time="0.495" />
  <testcase classname="tests.fr.inria.verveine.extractor.java.VerveineJTest_LanModel" name="testParameter" time="0.438" />
  <testcase classname="tests.fr.inria.verveine.extractor.java.VerveineJTest_LanModel" name="testImplicitVar" time="0.416" />
  <testcase classname="tests.fr.inria.verveine.extractor.java.VerveineJTest_LanModel" name="testInvocation" time="0.453" />
  <testcase classname="tests.fr.inria.verveine.extractor.java.VerveineJTest_LanModel" name="testAccess" time="0.419" />
  <testcase classname="tests.fr.inria.verveine.extractor.java.VerveineJTest_LanModel" name="testSourceAnchors" time="0.386" />
  <testcase classname="tests.fr.inria.verveine.extractor.java.VerveineJTest_LanModel" name="testModifiers" time="0.397" />
  <testcase classname="tests.fr.inria.verveine.extractor.java.VerveineJTest_LanModel" name="testComment" time="0.402" />
  <testcase classname="tests.fr.inria.verveine.extractor.java.VerveineJTest_LanModel" name="testMetric" time="0.372" />
  <testcase classname="tests.fr.inria.verveine.extractor.java.VerveineJTest_LanModel" name="testAnnotation" time="0.374" />
  <testcase classname="tests.fr.inria.verveine.extractor.java.VerveineJTest_LanModel" name="testAssociation" time="0.377" />
  <testcase classname="tests.fr.inria.verveine.extractor.java.VerveineJTest_LanModel" name="testBelongsTo" time="0.375" />
  <testcase classname="tests.fr.inria.verveine.extractor.java.VerveineJTest_LanModel" name="testJavaCore" time="0.372" />
  <testcase classname="tests.fr.inria.verveine.extractor.java.VerveineJTest_LanModel" name="testSourceLanguage" time="0.396" />
  <system-out><![CDATA[VerveineJ processing file: test_src/LANModel/moose/lan/AbstractDestinationAddress.java
VerveineJ processing file: test_src/LANModel/moose/lan/Node.java
VerveineJ processing file: test_src/LANModel/moose/lan/Packet.java
VerveineJ processing file: test_src/LANModel/moose/lan/SingleDestinationAddress.java
VerveineJ processing file: test_src/LANModel/moose/lan/WorkStation.java
VerveineJ processing file: test_src/LANModel/moose/lan/server/FileServer.java
VerveineJ processing file: test_src/LANModel/moose/lan/server/IPrinter.java
VerveineJ processing file: test_src/LANModel/moose/lan/server/OutputServer.java
VerveineJ processing file: test_src/LANModel/moose/lan/server/PrintServer.java
VerveineJ processing file: test_src/LANModel/moose/lan/AbstractDestinationAddress.java
VerveineJ processing file: test_src/LANModel/moose/lan/Node.java
VerveineJ processing file: test_src/LANModel/moose/lan/Packet.java
VerveineJ processing file: test_src/LANModel/moose/lan/SingleDestinationAddress.java
VerveineJ processing file: test_src/LANModel/moose/lan/WorkStation.java
VerveineJ processing file: test_src/LANModel/moose/lan/server/FileServer.java
VerveineJ processing file: test_src/LANModel/moose/lan/server/IPrinter.java
VerveineJ processing file: test_src/LANModel/moose/lan/server/OutputServer.java
VerveineJ processing file: test_src/LANModel/moose/lan/server/PrintServer.java
VerveineJ processing file: test_src/LANModel/moose/lan/AbstractDestinationAddress.java
VerveineJ processing file: test_src/LANModel/moose/lan/Node.java
VerveineJ processing file: test_src/LANModel/moose/lan/Packet.java
VerveineJ processing file: test_src/LANModel/moose/lan/SingleDestinationAddress.java
VerveineJ processing file: test_src/LANModel/moose/lan/WorkStation.java
VerveineJ processing file: test_src/LANModel/moose/lan/server/FileServer.java
VerveineJ processing file: test_src/LANModel/moose/lan/server/IPrinter.java
VerveineJ processing file: test_src/LANModel/moose/lan/server/OutputServer.java
VerveineJ processing file: test_src/LANModel/moose/lan/server/PrintServer.java
VerveineJ processing file: test_src/LANModel/moose/lan/AbstractDestinationAddress.java
VerveineJ processing file: test_src/LANModel/moose/lan/Node.java
VerveineJ processing file: test_src/LANModel/moose/lan/Packet.java
VerveineJ processing file: test_src/LANModel/moose/lan/SingleDestinationAddress.java
VerveineJ processing file: test_src/LANModel/moose/lan/WorkStation.java
VerveineJ processing file: test_src/LANModel/moose/lan/server/FileServer.java
VerveineJ processing file: test_src/LANModel/moose/lan/server/IPrinter.java
VerveineJ processing file: test_src/LANModel/moose/lan/server/OutputServer.java
VerveineJ processing file: test_src/LANModel/moose/lan/server/PrintServer.java
VerveineJ processing file: test_src/LANModel/moose/lan/AbstractDestinationAddress.java
VerveineJ processing file: test_src/LANModel/moose/lan/Node.java
VerveineJ processing file: test_src/LANModel/moose/lan/Packet.java
VerveineJ processing file: test_src/LANModel/moose/lan/SingleDestinationAddress.java
VerveineJ processing file: test_src/LANModel/moose/lan/WorkStation.java
VerveineJ processing file: test_src/LANModel/moose/lan/server/FileServer.java
VerveineJ processing file: test_src/LANModel/moose/lan/server/IPrinter.java
VerveineJ processing file: test_src/LANModel/moose/lan/server/OutputServer.java
VerveineJ processing file: test_src/LANModel/moose/lan/server/PrintServer.java
VerveineJ processing file: test_src/LANModel/moose/lan/AbstractDestinationAddress.java
VerveineJ processing file: test_src/LANModel/moose/lan/Node.java
VerveineJ processing file: test_src/LANModel/moose/lan/Packet.java
VerveineJ processing file: test_src/LANModel/moose/lan/SingleDestinationAddress.java
VerveineJ processing file: test_src/LANModel/moose/lan/WorkStation.java
VerveineJ processing file: test_src/LANModel/moose/lan/server/FileServer.java
VerveineJ processing file: test_src/LANModel/moose/lan/server/IPrinter.java
VerveineJ processing file: test_src/LANModel/moose/lan/server/OutputServer.java
VerveineJ processing file: test_src/LANModel/moose/lan/server/PrintServer.java
VerveineJ processing file: test_src/LANModel/moose/lan/AbstractDestinationAddress.java
VerveineJ processing file: test_src/LANModel/moose/lan/Node.java
VerveineJ processing file: test_src/LANModel/moose/lan/Packet.java
VerveineJ processing file: test_src/LANModel/moose/lan/SingleDestinationAddress.java
VerveineJ processing file: test_src/LANModel/moose/lan/WorkStation.java
VerveineJ processing file: test_src/LANModel/moose/lan/server/FileServer.java
VerveineJ processing file: test_src/LANModel/moose/lan/server/IPrinter.java
VerveineJ processing file: test_src/LANModel/moose/lan/server/OutputServer.java
VerveineJ processing file: test_src/LANModel/moose/lan/server/PrintServer.java
VerveineJ processing file: test_src/LANModel/moose/lan/AbstractDestinationAddress.java
VerveineJ processing file: test_src/LANModel/moose/lan/Node.java
VerveineJ processing file: test_src/LANModel/moose/lan/Packet.java
VerveineJ processing file: test_src/LANModel/moose/lan/SingleDestinationAddress.java
VerveineJ processing file: test_src/LANModel/moose/lan/WorkStation.java
VerveineJ processing file: test_src/LANModel/moose/lan/server/FileServer.java
VerveineJ processing file: test_src/LANModel/moose/lan/server/IPrinter.java
VerveineJ processing file: test_src/LANModel/moose/lan/server/OutputServer.java
VerveineJ processing file: test_src/LANModel/moose/lan/server/PrintServer.java
VerveineJ processing file: test_src/LANModel/moose/lan/AbstractDestinationAddress.java
VerveineJ processing file: test_src/LANModel/moose/lan/Node.java
VerveineJ processing file: test_src/LANModel/moose/lan/Packet.java
VerveineJ processing file: test_src/LANModel/moose/lan/SingleDestinationAddress.java
VerveineJ processing file: test_src/LANModel/moose/lan/WorkStation.java
VerveineJ processing file: test_src/LANModel/moose/lan/server/FileServer.java
VerveineJ processing file: test_src/LANModel/moose/lan/server/IPrinter.java
VerveineJ processing file: test_src/LANModel/moose/lan/server/OutputServer.java
VerveineJ processing file: test_src/LANModel/moose/lan/server/PrintServer.java
VerveineJ processing file: test_src/LANModel/moose/lan/AbstractDestinationAddress.java
VerveineJ processing file: test_src/LANModel/moose/lan/Node.java
VerveineJ processing file: test_src/LANModel/moose/lan/Packet.java
VerveineJ processing file: test_src/LANModel/moose/lan/SingleDestinationAddress.java
VerveineJ processing file: test_src/LANModel/moose/lan/WorkStation.java
VerveineJ processing file: test_src/LANModel/moose/lan/server/FileServer.java
VerveineJ processing file: test_src/LANModel/moose/lan/server/IPrinter.java
VerveineJ processing file: test_src/LANModel/moose/lan/server/OutputServer.java
VerveineJ processing file: test_src/LANModel/moose/lan/server/PrintServer.java
VerveineJ processing file: test_src/LANModel/moose/lan/AbstractDestinationAddress.java
VerveineJ processing file: test_src/LANModel/moose/lan/Node.java
VerveineJ processing file: test_src/LANModel/moose/lan/Packet.java
VerveineJ processing file: test_src/LANModel/moose/lan/SingleDestinationAddress.java
VerveineJ processing file: test_src/LANModel/moose/lan/WorkStation.java
VerveineJ processing file: test_src/LANModel/moose/lan/server/FileServer.java
VerveineJ processing file: test_src/LANModel/moose/lan/server/IPrinter.java
VerveineJ processing file: test_src/LANModel/moose/lan/server/OutputServer.java
VerveineJ processing file: test_src/LANModel/moose/lan/server/PrintServer.java
VerveineJ processing file: test_src/LANModel/moose/lan/AbstractDestinationAddress.java
VerveineJ processing file: test_src/LANModel/moose/lan/Node.java
VerveineJ processing file: test_src/LANModel/moose/lan/Packet.java
VerveineJ processing file: test_src/LANModel/moose/lan/SingleDestinationAddress.java
VerveineJ processing file: test_src/LANModel/moose/lan/WorkStation.java
VerveineJ processing file: test_src/LANModel/moose/lan/server/FileServer.java
VerveineJ processing file: test_src/LANModel/moose/lan/server/IPrinter.java
VerveineJ processing file: test_src/LANModel/moose/lan/server/OutputServer.java
VerveineJ processing file: test_src/LANModel/moose/lan/server/PrintServer.java
VerveineJ processing file: test_src/LANModel/moose/lan/AbstractDestinationAddress.java
VerveineJ processing file: test_src/LANModel/moose/lan/Node.java
VerveineJ processing file: test_src/LANModel/moose/lan/Packet.java
VerveineJ processing file: test_src/LANModel/moose/lan/SingleDestinationAddress.java
VerveineJ processing file: test_src/LANModel/moose/lan/WorkStation.java
VerveineJ processing file: test_src/LANModel/moose/lan/server/FileServer.java
VerveineJ processing file: test_src/LANModel/moose/lan/server/IPrinter.java
VerveineJ processing file: test_src/LANModel/moose/lan/server/OutputServer.java
VerveineJ processing file: test_src/LANModel/moose/lan/server/PrintServer.java
VerveineJ processing file: test_src/LANModel/moose/lan/AbstractDestinationAddress.java
VerveineJ processing file: test_src/LANModel/moose/lan/Node.java
VerveineJ processing file: test_src/LANModel/moose/lan/Packet.java
VerveineJ processing file: test_src/LANModel/moose/lan/SingleDestinationAddress.java
VerveineJ processing file: test_src/LANModel/moose/lan/WorkStation.java
VerveineJ processing file: test_src/LANModel/moose/lan/server/FileServer.java
VerveineJ processing file: test_src/LANModel/moose/lan/server/IPrinter.java
VerveineJ processing file: test_src/LANModel/moose/lan/server/OutputServer.java
VerveineJ processing file: test_src/LANModel/moose/lan/server/PrintServer.java
VerveineJ processing file: test_src/LANModel/moose/lan/AbstractDestinationAddress.java
VerveineJ processing file: test_src/LANModel/moose/lan/Node.java
VerveineJ processing file: test_src/LANModel/moose/lan/Packet.java
VerveineJ processing file: test_src/LANModel/moose/lan/SingleDestinationAddress.java
VerveineJ processing file: test_src/LANModel/moose/lan/WorkStation.java
VerveineJ processing file: test_src/LANModel/moose/lan/server/FileServer.java
VerveineJ processing file: test_src/LANModel/moose/lan/server/IPrinter.java
VerveineJ processing file: test_src/LANModel/moose/lan/server/OutputServer.java
VerveineJ processing file: test_src/LANModel/moose/lan/server/PrintServer.java
VerveineJ processing file: test_src/LANModel/moose/lan/AbstractDestinationAddress.java
VerveineJ processing file: test_src/LANModel/moose/lan/Node.java
VerveineJ processing file: test_src/LANModel/moose/lan/Packet.java
VerveineJ processing file: test_src/LANModel/moose/lan/SingleDestinationAddress.java
VerveineJ processing file: test_src/LANModel/moose/lan/WorkStation.java
VerveineJ processing file: test_src/LANModel/moose/lan/server/FileServer.java
VerveineJ processing file: test_src/LANModel/moose/lan/server/IPrinter.java
VerveineJ processing file: test_src/LANModel/moose/lan/server/OutputServer.java
VerveineJ processing file: test_src/LANModel/moose/lan/server/PrintServer.java
VerveineJ processing file: test_src/LANModel/moose/lan/AbstractDestinationAddress.java
VerveineJ processing file: test_src/LANModel/moose/lan/Node.java
VerveineJ processing file: test_src/LANModel/moose/lan/Packet.java
VerveineJ processing file: test_src/LANModel/moose/lan/SingleDestinationAddress.java
VerveineJ processing file: test_src/LANModel/moose/lan/WorkStation.java
VerveineJ processing file: test_src/LANModel/moose/lan/server/FileServer.java
VerveineJ processing file: test_src/LANModel/moose/lan/server/IPrinter.java
VerveineJ processing file: test_src/LANModel/moose/lan/server/OutputServer.java
VerveineJ processing file: test_src/LANModel/moose/lan/server/PrintServer.java
VerveineJ processing file: test_src/LANModel/moose/lan/AbstractDestinationAddress.java
VerveineJ processing file: test_src/LANModel/moose/lan/Node.java
VerveineJ processing file: test_src/LANModel/moose/lan/Packet.java
VerveineJ processing file: test_src/LANModel/moose/lan/SingleDestinationAddress.java
VerveineJ processing file: test_src/LANModel/moose/lan/WorkStation.java
VerveineJ processing file: test_src/LANModel/moose/lan/server/FileServer.java
VerveineJ processing file: test_src/LANModel/moose/lan/server/IPrinter.java
VerveineJ processing file: test_src/LANModel/moose/lan/server/OutputServer.java
VerveineJ processing file: test_src/LANModel/moose/lan/server/PrintServer.java
VerveineJ processing file: test_src/LANModel/moose/lan/AbstractDestinationAddress.java
VerveineJ processing file: test_src/LANModel/moose/lan/Node.java
VerveineJ processing file: test_src/LANModel/moose/lan/Packet.java
VerveineJ processing file: test_src/LANModel/moose/lan/SingleDestinationAddress.java
VerveineJ processing file: test_src/LANModel/moose/lan/WorkStation.java
VerveineJ processing file: test_src/LANModel/moose/lan/server/FileServer.java
VerveineJ processing file: test_src/LANModel/moose/lan/server/IPrinter.java
VerveineJ processing file: test_src/LANModel/moose/lan/server/OutputServer.java
VerveineJ processing file: test_src/LANModel/moose/lan/server/PrintServer.java
VerveineJ processing file: test_src/LANModel/moose/lan/AbstractDestinationAddress.java
VerveineJ processing file: test_src/LANModel/moose/lan/Node.java
VerveineJ processing file: test_src/LANModel/moose/lan/Packet.java
VerveineJ processing file: test_src/LANModel/moose/lan/SingleDestinationAddress.java
VerveineJ processing file: test_src/LANModel/moose/lan/WorkStation.java
VerveineJ processing file: test_src/LANModel/moose/lan/server/FileServer.java
VerveineJ processing file: test_src/LANModel/moose/lan/server/IPrinter.java
VerveineJ processing file: test_src/LANModel/moose/lan/server/OutputServer.java
VerveineJ processing file: test_src/LANModel/moose/lan/server/PrintServer.java
]]></system-out>
  <system-err><![CDATA[]]></system-err>
</testsuite>
